[21:44:10] [main/INFO]: Setting user: Player591
[21:44:11] [Client thread/INFO]: LWJGL Version: 2.9.1
[21:44:16] [Client thread/INFO]: Reloading ResourceManager: Default, FMLFileResourcePack:Forge Mod Loader, FMLFileResourcePack:Minecraft Forge, FMLFileResourcePack:Wild Animals +, FMLFileResourcePack:MyMods, FMLFileResourcePack:Recipe+
[21:44:17] [Sound Library Loader/INFO]: Sound engine started
[21:44:17] [Client thread/INFO]: Created: 512x256 textures/blocks-atlas
[21:44:17] [Client thread/INFO]: Created: 256x256 textures/items-atlas
[21:44:17] [Client thread/INFO]: Reloading ResourceManager: Default, FMLFileResourcePack:Forge Mod Loader, FMLFileResourcePack:Minecraft Forge, FMLFileResourcePack:Wild Animals +, FMLFileResourcePack:MyMods, FMLFileResourcePack:Recipe+
[21:44:17] [Client thread/INFO]: Created: 1024x1024 textures/items-atlas
[21:44:17] [Client thread/INFO]: Created: 512x256 textures/blocks-atlas
[21:44:18] [Sound Library Loader/INFO]: Sound engine started
[21:44:21] [Client thread/INFO]: Realms library version == 1.3.5
[21:44:22] [MCO Availability Checker #1/INFO]: Could not authorize you against Realms server: Invalid session id
[21:44:22] [MCO Availability Checker #1/ERROR]: Couldn't connect to realms: 
[21:44:43] [Client thread/INFO]: Reloading ResourceManager: Default, FMLFileResourcePack:Forge Mod Loader, FMLFileResourcePack:Minecraft Forge, FMLFileResourcePack:Wild Animals +, FMLFileResourcePack:MyMods, FMLFileResourcePack:Recipe+
[21:44:43] [Client thread/INFO]: Created: 512x256 textures/blocks-atlas
[21:44:43] [Client thread/INFO]: Created: 1024x1024 textures/items-atlas
[21:44:44] [Sound Library Loader/INFO]: Sound engine started
[21:44:56] [Client thread/INFO]: Reloading ResourceManager: Default, FMLFileResourcePack:Forge Mod Loader, FMLFileResourcePack:Minecraft Forge, FMLFileResourcePack:Wild Animals +, FMLFileResourcePack:MyMods, FMLFileResourcePack:Recipe+
[21:44:56] [Client thread/INFO]: Created: 512x256 textures/blocks-atlas
[21:44:56] [Client thread/INFO]: Created: 1024x1024 textures/items-atlas
[21:44:58] [Sound Library Loader/INFO]: Sound engine started
[21:45:11] [Server thread/INFO]: Starting integrated minecraft server version 1.7.10
[21:45:11] [Server thread/INFO]: Generating keypair
[21:45:11] [Server thread/WARN]: Unable to find spawn biome
[21:45:11] [Server thread/INFO]: Preparing start region for level 0
[21:45:12] [Server thread/INFO]: Preparing spawn area: 19%
[21:45:13] [Server thread/INFO]: Preparing spawn area: 42%
[21:45:14] [Server thread/INFO]: Preparing spawn area: 68%
[21:45:15] [Server thread/INFO]: Preparing spawn area: 94%
[21:45:15] [Server thread/INFO]: Changing view distance to 12, from 10
[21:45:16] [Server thread/INFO]: Player591[local:E:6e354fe5] logged in with entity id 175 at (146.5, 97.0, -171.5)
[21:45:16] [Server thread/INFO]: Player591 the Ugly joined the game
[21:45:29] [Server thread/INFO]: Player591 the Ugly has just earned the achievement [Taking Inventory]
[21:45:30] [Client thread/INFO]: [CHAT] Player591 the Ugly has just earned the achievement [Taking Inventory]
[21:45:44] [Client thread/INFO]: [CHAT] Conjuring: [Tiger]
[21:46:22] [Server thread/INFO]: Saving and pausing game...
[21:46:22] [Server thread/INFO]: Saving chunks for level 'Ming world'/Overworld
[21:46:22] [Server thread/INFO]: Saving chunks for level 'Ming world'/Nether
[21:46:22] [Server thread/INFO]: Saving chunks for level 'Ming world'/The End
[21:46:23] [Server thread/INFO]: Stopping server
[21:46:23] [Server thread/INFO]: Saving players
[21:46:23] [Server thread/INFO]: Saving worlds
[21:46:23] [Server thread/INFO]: Saving chunks for level 'Ming world'/Overworld
[21:46:23] [Server thread/INFO]: Saving chunks for level 'Ming world'/Nether
[21:46:23] [Server thread/INFO]: Saving chunks for level 'Ming world'/The End
[21:46:26] [Client thread/INFO]: Stopping!
